  Button Handler.cpp
C:\GHGO2025\Button Handler.cpp(31,13): warning C4244: '=': conversion from 'INT' to 'float', possible loss of data
C:\GHGO2025\Button Handler.cpp(36,13): warning C4244: '=': conversion from 'INT' to 'float', possible loss of data
C:\GHGO2025\Button Handler.cpp(56,11): warning C4101: 'I': unreferenced local variable
C:\GHGO2025\Button Handler.cpp(80,12): warning C4101: 'I': unreferenced local variable
C:\GHGO2025\Button Handler.cpp(163,48): warning C4244: 'argument': conversion from 'int' to 'float', possible loss of data
C:\GHGO2025\Button Handler.cpp(163,41): warning C4244: 'argument': conversion from 'int' to 'float', possible loss of data
C:\GHGO2025\Button Handler.cpp(163,35): warning C4244: 'argument': conversion from 'int' to 'float', possible loss of data
C:\GHGO2025\Button Handler.cpp(163,28): warning C4244: 'argument': conversion from 'int' to 'float', possible loss of data
  Initialize Application.cpp
C:\GHGO2025\Initialize Application.cpp(12,25): warning C4101: 'I': unreferenced local variable
  Main Application.cpp
  Tables.cpp
  Text Handler.cpp
C:\GHGO2025\Text Handler.cpp(15,14): warning C4267: '=': conversion from 'size_t' to 'INT', possible loss of data
C:\GHGO2025\Text Handler.cpp(89,12): warning C4101: 'HitRatioDisplay': unreferenced local variable
C:\GHGO2025\Text Handler.cpp(87,12): warning C4101: 'Dest': unreferenced local variable
C:\GHGO2025\Text Handler.cpp(88,12): warning C4101: 'HitRatioCalc': unreferenced local variable
C:\GHGO2025\Text Handler.cpp(86,12): warning C4101: 'Text': unreferenced local variable
C:\GHGO2025\Text Handler.cpp(110,14): warning C4267: '=': conversion from 'size_t' to 'INT', possible loss of data
C:\GHGO2025\Text Handler.cpp(170,31): warning C4244: '+=': conversion from 'float' to 'INT', possible loss of data
  Texture Handler.cpp
  Generating code
  0 of 163 functions ( 0.0%) were compiled, the rest were copied from previous compilation.
    0 functions were new in current compilation
    0 functions had inline decision re-evaluated but remain unchanged
  Finished generating code
  GHGO2025.vcxproj -> C:\GHGO2025\x64\Release\GHGO2025.exe
  'pwsh.exe' is not recognized as an internal or external command,
  operable program or batch file.
